TN:
SF:src/decorators/file:/Users/cope/code/github/owservable/postgres/src/decorators/live.updates.ts
FN:4,(anonymous_0)
FN:8,(anonymous_1)
FN:12,(anonymous_2)
FN:16,(anonymous_3)
FN:22,(anonymous_4)
FN:25,(anonymous_5)
FN:26,(anonymous_6)
FNF:7
FNH:7
FNDA:8,(anonymous_0)
FNDA:18,(anonymous_1)
FNDA:4,(anonymous_2)
FNDA:18,(anonymous_3)
FNDA:1,(anonymous_4)
FNDA:2,(anonymous_5)
FNDA:2,(anonymous_6)
DA:3,3
DA:5,8
DA:9,18
DA:13,4
DA:17,18
DA:20,3
DA:25,3
DA:26,2
DA:27,2
DA:30,3
LF:10
LH:10
BRF:0
BRH:0
end_of_record
TN:
SF:src/file:/Users/cope/code/github/owservable/postgres/src/owservable.postgres.ts
FN:21,(anonymous_10)
FNF:1
FNH:1
FNDA:1,(anonymous_10)
DA:3,1
DA:4,1
DA:5,1
DA:6,1
DA:8,1
DA:10,1
DA:11,1
DA:12,1
DA:13,1
DA:16,1
DA:17,1
DA:18,1
DA:19,1
DA:20,1
DA:21,2
DA:22,1
DA:23,1
DA:24,1
DA:25,1
DA:28,1
DA:29,1
LF:21
LH:21
BRF:0
BRH:0
end_of_record
TN:
SF:src/file:/Users/cope/code/github/owservable/postgres/src/postgres.backend.ts
FN:25,(anonymous_8)
FN:35,(anonymous_9)
FN:39,(anonymous_10)
FN:43,(anonymous_11)
FN:53,(anonymous_13)
FN:56,(anonymous_14)
FN:65,(anonymous_16)
FN:70,(anonymous_18)
FN:75,(anonymous_20)
FN:75,(anonymous_21)
FN:78,(anonymous_22)
FN:81,(anonymous_23)
FN:85,(anonymous_25)
FN:89,(anonymous_26)
FN:97,(anonymous_28)
FN:101,(anonymous_29)
FN:105,(anonymous_30)
FN:109,(anonymous_31)
FN:113,(anonymous_32)
FN:117,(anonymous_33)
FN:119,(anonymous_34)
FN:125,(anonymous_35)
FN:129,(anonymous_36)
FN:133,(anonymous_37)
FN:137,(anonymous_38)
FNF:25
FNH:25
FNDA:74,(anonymous_8)
FNDA:1,(anonymous_9)
FNDA:2,(anonymous_10)
FNDA:44,(anonymous_11)
FNDA:2,(anonymous_13)
FNDA:3,(anonymous_14)
FNDA:1,(anonymous_16)
FNDA:3,(anonymous_18)
FNDA:2,(anonymous_20)
FNDA:2,(anonymous_21)
FNDA:4,(anonymous_22)
FNDA:1,(anonymous_23)
FNDA:1,(anonymous_25)
FNDA:2,(anonymous_26)
FNDA:2,(anonymous_28)
FNDA:3,(anonymous_29)
FNDA:4,(anonymous_30)
FNDA:52,(anonymous_31)
FNDA:44,(anonymous_32)
FNDA:48,(anonymous_33)
FNDA:56,(anonymous_34)
FNDA:47,(anonymous_35)
FNDA:5,(anonymous_36)
FNDA:47,(anonymous_37)
FNDA:7,(anonymous_38)
DA:4,3
DA:5,3
DA:11,3
DA:12,3
DA:14,3
DA:15,3
DA:17,3
DA:26,74
DA:27,74
DA:28,74
DA:30,74
DA:31,74
DA:32,74
DA:36,1
DA:40,2
DA:44,44
DA:51,44
DA:52,44
DA:53,44
DA:57,3
DA:58,3
DA:62,3
DA:66,1
DA:67,1
DA:71,3
DA:72,3
DA:75,2
DA:76,2
DA:77,2
DA:78,4
DA:82,1
DA:86,1
DA:90,2
DA:91,2
DA:92,2
DA:94,2
DA:98,2
DA:102,3
DA:106,4
DA:110,52
DA:114,44
DA:116,28
DA:117,28
DA:118,48
DA:119,56
DA:120,39
DA:122,28
DA:126,47
DA:127,4
DA:129,5
DA:130,3
DA:134,47
DA:136,3
DA:137,7
DA:139,3
LF:55
LH:55
BRDA:47,0,0,43
BRDA:47,0,1,1
BRDA:47,1,0,44
BRDA:47,1,1,36
BRDA:48,2,0,43
BRDA:48,2,1,1
BRDA:48,3,0,44
BRDA:48,3,1,36
BRDA:62,4,0,2
BRDA:62,4,1,1
BRDA:75,5,0,1
BRDA:114,6,0,16
BRDA:114,6,1,28
BRDA:114,7,0,44
BRDA:114,7,1,30
BRDA:119,8,0,9
BRDA:119,8,1,39
BRDA:119,9,0,48
BRDA:119,9,1,44
BRDA:120,10,0,15
BRDA:120,10,1,24
BRDA:122,11,0,1
BRDA:122,11,1,27
BRDA:126,12,0,43
BRDA:126,12,1,4
BRDA:127,13,0,1
BRDA:127,13,1,3
BRDA:130,14,0,1
BRDA:130,14,1,2
BRDA:134,15,0,44
BRDA:134,15,1,3
BRDA:137,16,0,2
BRDA:137,16,1,5
BRDA:137,17,0,2
BRDA:137,17,1,3
BRDA:137,18,0,5
BRDA:137,18,1,3
BRDA:139,19,0,1
BRDA:139,19,1,2
BRF:39
BRH:39
end_of_record
TN:
SF:src/file:/Users/cope/code/github/owservable/postgres/src/postgres.connector.ts
FN:33,(anonymous_8)
FN:53,(anonymous_10)
FN:53,(anonymous_11)
FN:59,(anonymous_12)
FN:79,(anonymous_13)
FN:83,(anonymous_14)
FN:87,(anonymous_15)
FN:97,(anonymous_17)
FN:112,(anonymous_19)
FNF:9
FNH:9
FNDA:11,(anonymous_8)
FNDA:9,(anonymous_10)
FNDA:9,(anonymous_11)
FNDA:14,(anonymous_12)
FNDA:4,(anonymous_13)
FNDA:3,(anonymous_14)
FNDA:14,(anonymous_15)
FNDA:9,(anonymous_17)
FNDA:1,(anonymous_19)
DA:3,2
DA:4,2
DA:6,2
DA:8,2
DA:9,2
DA:10,2
DA:11,2
DA:12,2
DA:14,2
DA:32,2
DA:34,11
DA:36,10
DA:38,10
DA:48,10
DA:50,10
DA:52,10
DA:53,9
DA:54,9
DA:55,8
DA:56,7
DA:58,8
DA:59,14
DA:60,7
DA:65,9
DA:67,9
DA:68,18
DA:69,18
DA:71,18
DA:72,18
DA:75,9
DA:76,9
DA:80,4
DA:84,3
DA:88,14
DA:89,14
DA:90,9
DA:91,9
DA:98,9
DA:99,9
DA:100,9
DA:101,9
DA:102,9
DA:104,9
DA:105,9
DA:107,9
LF:45
LH:45
BRDA:34,0,0,1
BRDA:34,0,1,10
BRDA:36,1,0,9
BRDA:36,2,0,6
BRDA:36,3,0,9
BRDA:36,4,0,6
BRDA:36,5,0,9
BRDA:45,6,0,1
BRDA:45,6,1,9
BRDA:50,7,0,1
BRDA:50,7,1,9
BRDA:52,8,0,9
BRDA:52,8,1,1
BRDA:52,9,0,10
BRDA:52,9,1,2
BRDA:54,10,0,8
BRDA:54,10,1,1
BRDA:56,11,0,6
BRDA:56,11,1,1
BRDA:58,12,0,7
BRDA:58,12,1,1
BRDA:84,13,0,2
BRDA:84,13,1,1
BRDA:84,14,0,3
BRDA:84,14,1,2
BRDA:89,15,0,9
BRDA:89,15,1,5
BRF:27
BRH:27
end_of_record
TN:
SF:src/file:/Users/cope/code/github/owservable/postgres/src/postgres.listener.ts
FN:19,(anonymous_7)
FN:24,(anonymous_8)
FN:28,(anonymous_9)
FN:45,(anonymous_11)
FN:52,(anonymous_12)
FN:53,(anonymous_13)
FN:56,(anonymous_14)
FN:60,(anonymous_15)
FN:63,(anonymous_17)
FN:72,(anonymous_18)
FN:77,(anonymous_19)
FN:95,(anonymous_20)
FN:107,(anonymous_21)
FN:116,(anonymous_22)
FN:118,(anonymous_23)
FN:119,(anonymous_24)
FN:123,(anonymous_25)
FNF:17
FNH:17
FNDA:23,(anonymous_7)
FNDA:8,(anonymous_8)
FNDA:34,(anonymous_9)
FNDA:22,(anonymous_11)
FNDA:21,(anonymous_12)
FNDA:1,(anonymous_13)
FNDA:4,(anonymous_14)
FNDA:29,(anonymous_15)
FNDA:3,(anonymous_17)
FNDA:5,(anonymous_18)
FNDA:2,(anonymous_19)
FNDA:13,(anonymous_20)
FNDA:1,(anonymous_21)
FNDA:7,(anonymous_22)
FNDA:1,(anonymous_23)
FNDA:6,(anonymous_24)
FNDA:22,(anonymous_25)
DA:3,3
DA:4,3
DA:15,3
DA:16,3
DA:18,3
DA:20,23
DA:21,23
DA:25,8
DA:29,34
DA:30,22
DA:31,22
DA:42,22
DA:43,22
DA:46,22
DA:47,22
DA:48,22
DA:49,22
DA:51,22
DA:52,21
DA:53,1
DA:57,4
DA:61,29
DA:63,28
DA:64,3
DA:65,3
DA:66,1
DA:68,2
DA:72,28
DA:73,5
DA:74,5
DA:77,28
DA:78,2
DA:79,1
DA:80,1
DA:83,28
DA:84,22
DA:86,22
DA:87,22
DA:92,22
DA:96,13
DA:98,12
DA:105,12
DA:106,12
DA:107,11
DA:109,1
DA:112,12
DA:113,12
DA:115,12
DA:116,12
DA:117,7
DA:118,1
DA:119,6
DA:124,22
DA:125,22
DA:130,22
DA:131,22
DA:132,21
DA:134,3
LF:58
LH:58
BRDA:19,0,0,12
BRDA:20,1,0,22
BRDA:20,1,1,1
BRDA:29,2,0,12
BRDA:29,2,1,22
BRDA:68,3,0,1
BRDA:68,3,1,1
BRDA:68,4,0,2
BRDA:68,4,1,2
BRDA:78,5,0,1
BRDA:78,5,1,1
BRDA:96,6,0,1
BRDA:96,6,1,12
BRDA:106,7,0,1
BRDA:106,7,1,11
BRDA:106,8,0,12
BRDA:106,8,1,12
BRDA:107,9,0,1
BRDA:107,9,1,10
BRDA:107,10,0,11
BRDA:107,10,1,11
BRDA:131,11,0,1
BRDA:131,11,1,21
BRDA:131,12,0,22
BRDA:131,12,1,22
BRDA:132,13,0,1
BRDA:132,13,1,20
BRDA:132,14,0,21
BRDA:132,14,1,21
BRF:29
BRH:29
end_of_record
TN:
SF:src/file:/Users/cope/code/github/owservable/postgres/src/tables.entities.map.ts
FN:4,(anonymous_0)
FN:8,(anonymous_1)
FN:12,(anonymous_2)
FN:16,(anonymous_3)
FN:20,(anonymous_4)
FN:26,(anonymous_5)
FNF:6
FNH:6
FNDA:25,(anonymous_0)
FNDA:7,(anonymous_1)
FNDA:3,(anonymous_2)
FNDA:2,(anonymous_3)
FNDA:19,(anonymous_4)
FNDA:1,(anonymous_5)
DA:3,3
DA:5,25
DA:9,7
DA:13,3
DA:17,2
DA:21,19
DA:24,3
LF:7
LH:7
BRDA:9,0,0,5
BRDA:9,0,1,2
BRDA:9,1,0,7
BRDA:9,1,1,7
BRF:4
BRH:4
end_of_record
TN:
SF:src/functions/file:/Users/cope/code/github/owservable/postgres/src/functions/install.triggers.ts
FN:3,(anonymous_7)
FN:31,(anonymous_8)
FN:36,(anonymous_9)
FN:36,(anonymous_10)
FNF:4
FNH:4
FNDA:13,(anonymous_7)
FNDA:9,(anonymous_8)
FNDA:13,(anonymous_9)
FNDA:13,(anonymous_10)
DA:3,13
DA:31,9
DA:36,13
DA:37,13
DA:39,13
DA:41,13
DA:42,9
DA:43,9
DA:44,9
DA:45,9
DA:47,9
DA:48,9
DA:51,3
LF:13
LH:13
BRDA:36,0,0,4
BRDA:45,1,0,5
BRDA:45,1,1,4
BRDA:45,2,0,9
BRDA:45,2,1,9
BRDA:45,3,0,4
BRDA:45,3,1,5
BRDA:45,4,0,9
BRDA:45,4,1,9
BRDA:45,5,0,2
BRDA:45,5,1,7
BRDA:45,6,0,9
BRDA:45,6,1,9
BRF:13
BRH:13
end_of_record
TN:
SF:src/functions/file:/Users/cope/code/github/owservable/postgres/src/functions/observable.table.ts
FN:17,(anonymous_7)
FN:31,(anonymous_8)
FN:32,(anonymous_9)
FN:38,(anonymous_10)
FN:40,(anonymous_11)
FN:42,(anonymous_12)
FN:43,(anonymous_13)
FN:50,(anonymous_14)
FN:53,(anonymous_15)
FN:57,(anonymous_16)
FN:61,(anonymous_17)
FN:65,(anonymous_18)
FN:69,(anonymous_19)
FN:91,(anonymous_21)
FNF:14
FNH:14
FNDA:19,(anonymous_7)
FNDA:45,(anonymous_8)
FNDA:32,(anonymous_9)
FNDA:9,(anonymous_10)
FNDA:7,(anonymous_11)
FNDA:6,(anonymous_12)
FNDA:1,(anonymous_13)
FNDA:4,(anonymous_14)
FNDA:1,(anonymous_15)
FNDA:3,(anonymous_16)
FNDA:1,(anonymous_17)
FNDA:10,(anonymous_18)
FNDA:7,(anonymous_19)
FNDA:2,(anonymous_21)
DA:3,5
DA:4,5
DA:5,5
DA:18,19
DA:20,19
DA:21,19
DA:23,19
DA:24,19
DA:25,19
DA:27,19
DA:28,19
DA:30,19
DA:31,19
DA:32,45
DA:33,32
DA:37,19
DA:38,9
DA:41,7
DA:42,6
DA:44,1
DA:49,19
DA:50,4
DA:53,1
DA:58,3
DA:62,1
DA:66,10
DA:70,7
DA:72,7
DA:73,7
DA:75,7
DA:76,1
DA:79,6
DA:80,6
DA:81,5
DA:82,1
DA:85,4
DA:86,4
DA:89,4
DA:90,2
DA:91,2
DA:92,2
DA:93,2
DA:95,2
DA:98,4
DA:101,5
LF:45
LH:45
BRDA:28,0,0,18
BRDA:28,0,1,1
BRDA:28,1,0,19
BRDA:28,1,1,19
BRDA:28,2,0,1
BRDA:28,2,1,18
BRDA:28,3,0,19
BRDA:28,3,1,19
BRDA:32,4,0,32
BRDA:32,4,1,13
BRDA:32,5,0,45
BRDA:32,5,1,45
BRDA:38,6,0,1
BRDA:38,6,1,8
BRDA:38,7,0,9
BRDA:38,7,1,9
BRDA:50,8,0,1
BRDA:50,8,1,3
BRDA:50,9,0,4
BRDA:50,9,1,4
BRDA:66,10,0,7
BRDA:66,10,1,3
BRDA:75,11,0,1
BRDA:75,11,1,6
BRDA:81,12,0,1
BRDA:81,12,1,4
BRDA:89,13,0,2
BRDA:89,13,1,2
BRDA:91,14,0,1
BRDA:91,14,1,1
BRDA:91,15,0,2
BRDA:91,15,1,2
BRDA:92,16,0,1
BRDA:92,16,1,1
BRDA:92,17,0,2
BRDA:92,17,1,2
BRF:36
BRH:36
end_of_record
TN:
SF:src/functions/file:/Users/cope/code/github/owservable/postgres/src/functions/observable.tables.map.ts
FN:7,(anonymous_1)
FN:12,(anonymous_2)
FN:23,(anonymous_3)
FN:31,(anonymous_4)
FNF:4
FNH:4
FNDA:10,(anonymous_1)
FNDA:8,(anonymous_2)
FNDA:72,(anonymous_3)
FNDA:2,(anonymous_4)
DA:3,4
DA:8,10
DA:9,10
DA:13,8
DA:14,8
DA:16,8
DA:17,8
DA:18,8
DA:20,8
DA:24,72
DA:32,2
DA:35,4
LF:12
LH:12
BRDA:8,0,0,2
BRDA:8,0,1,8
BRDA:18,1,0,6
BRDA:18,1,1,2
BRDA:24,2,0,57
BRDA:24,2,1,15
BRF:6
BRH:6
end_of_record
TN:
SF:src/functions/file:/Users/cope/code/github/owservable/postgres/src/functions/process.entities.ts
FN:9,(anonymous_9)
FN:16,(anonymous_10)
FN:20,(anonymous_11)
FN:23,(anonymous_12)
FN:28,(anonymous_13)
FN:38,(anonymous_14)
FN:39,(anonymous_15)
FN:41,(anonymous_16)
FN:47,(anonymous_17)
FN:50,(anonymous_18)
FN:53,(anonymous_19)
FNF:11
FNH:11
FNDA:18,(anonymous_9)
FNDA:18,(anonymous_10)
FNDA:11,(anonymous_11)
FNDA:18,(anonymous_12)
FNDA:34,(anonymous_13)
FNDA:34,(anonymous_14)
FNDA:34,(anonymous_15)
FNDA:22,(anonymous_16)
FNDA:12,(anonymous_17)
FNDA:7,(anonymous_18)
FNDA:6,(anonymous_19)
DA:3,2
DA:4,2
DA:6,2
DA:7,2
DA:9,2
DA:10,18
DA:11,18
DA:12,18
DA:13,17
DA:16,2
DA:17,18
DA:18,13
DA:20,11
DA:23,2
DA:24,18
DA:26,14
DA:28,14
DA:29,34
DA:30,34
DA:31,34
DA:38,34
DA:39,34
DA:41,14
DA:42,22
DA:43,22
DA:44,18
DA:47,13
DA:50,2
DA:51,7
DA:52,7
DA:53,7
DA:54,6
DA:57,2
LF:33
LH:33
BRDA:12,0,0,1
BRDA:12,0,1,17
BRDA:17,1,0,5
BRDA:17,1,1,13
BRDA:18,2,0,5
BRDA:18,2,1,8
BRDA:24,3,0,4
BRDA:24,3,1,14
BRDA:43,4,0,4
BRDA:43,4,1,18
BRDA:43,5,0,22
BRDA:43,5,1,8
BRDA:50,6,0,2
BRF:13
BRH:13
end_of_record
TN:
SF:src/functions/file:/Users/cope/code/github/owservable/postgres/src/functions/translate.query.ts
FN:7,(anonymous_0)
FN:26,(anonymous_1)
FN:30,(anonymous_2)
FN:34,(anonymous_3)
FN:36,(anonymous_4)
FN:38,(anonymous_5)
FN:43,(anonymous_6)
FN:47,(anonymous_7)
FN:63,(anonymous_8)
FN:64,(anonymous_9)
FN:70,(anonymous_10)
FN:71,(anonymous_11)
FN:77,(anonymous_12)
FN:78,(anonymous_13)
FN:81,(anonymous_14)
FN:82,(anonymous_15)
FN:83,(anonymous_16)
FN:84,(anonymous_17)
FN:85,(anonymous_18)
FN:88,(anonymous_19)
FN:96,(anonymous_20)
FN:103,(anonymous_21)
FN:110,(anonymous_22)
FN:112,(anonymous_23)
FN:125,(anonymous_24)
FN:137,(anonymous_25)
FN:142,(anonymous_26)
FN:148,(anonymous_27)
FN:150,(anonymous_28)
FN:153,(anonymous_29)
FN:163,(anonymous_30)
FN:164,(anonymous_31)
FN:168,(anonymous_32)
FN:170,(anonymous_33)
FN:171,(anonymous_34)
FN:173,(anonymous_35)
FN:178,(anonymous_36)
FN:184,(anonymous_37)
FN:195,(anonymous_38)
FN:199,(anonymous_39)
FN:201,(anonymous_40)
FN:217,(anonymous_41)
FN:221,(anonymous_42)
FN:229,translateQuery
FNF:44
FNH:44
FNDA:75,(anonymous_0)
FNDA:75,(anonymous_1)
FNDA:517,(anonymous_2)
FNDA:24,(anonymous_3)
FNDA:162,(anonymous_4)
FNDA:6,(anonymous_5)
FNDA:33,(anonymous_6)
FNDA:30,(anonymous_7)
FNDA:32,(anonymous_8)
FNDA:18,(anonymous_9)
FNDA:8,(anonymous_10)
FNDA:8,(anonymous_11)
FNDA:24,(anonymous_12)
FNDA:6,(anonymous_13)
FNDA:32,(anonymous_14)
FNDA:8,(anonymous_15)
FNDA:24,(anonymous_16)
FNDA:24,(anonymous_17)
FNDA:12,(anonymous_18)
FNDA:3,(anonymous_19)
FNDA:8,(anonymous_20)
FNDA:5,(anonymous_21)
FNDA:86,(anonymous_22)
FNDA:100,(anonymous_23)
FNDA:159,(anonymous_24)
FNDA:126,(anonymous_25)
FNDA:8,(anonymous_26)
FNDA:16,(anonymous_27)
FNDA:20,(anonymous_28)
FNDA:27,(anonymous_29)
FNDA:10,(anonymous_30)
FNDA:8,(anonymous_31)
FNDA:20,(anonymous_32)
FNDA:27,(anonymous_33)
FNDA:23,(anonymous_34)
FNDA:22,(anonymous_35)
FNDA:6,(anonymous_36)
FNDA:19,(anonymous_37)
FNDA:5,(anonymous_38)
FNDA:167,(anonymous_39)
FNDA:187,(anonymous_40)
FNDA:263,(anonymous_41)
FNDA:242,(anonymous_42)
FNDA:199,translateQuery
DA:3,4
DA:4,4
DA:6,4
DA:8,75
DA:9,75
DA:18,4
DA:19,4
DA:20,4
DA:21,4
DA:22,4
DA:23,4
DA:24,4
DA:26,4
DA:27,75
DA:30,4
DA:31,517
DA:34,24
DA:36,162
DA:38,4
DA:39,6
DA:40,6
DA:43,4
DA:44,33
DA:47,4
DA:48,30
DA:49,27
DA:50,27
DA:51,27
DA:52,26
DA:54,25
DA:55,25
DA:56,25
DA:58,21
DA:59,21
DA:63,4
DA:64,32
DA:65,18
DA:66,16
DA:70,4
DA:71,8
DA:72,8
DA:73,6
DA:77,4
DA:78,24
DA:80,4
DA:81,32
DA:82,8
DA:83,24
DA:84,24
DA:85,12
DA:89,3
DA:90,2
DA:91,1
DA:97,8
DA:98,5
DA:104,5
DA:105,2
DA:110,4
DA:111,86
DA:112,86
DA:113,100
DA:114,100
DA:115,100
DA:117,84
DA:118,64
DA:119,53
DA:120,52
DA:122,49
DA:125,4
DA:126,159
DA:127,157
DA:128,156
DA:130,112
DA:131,112
DA:132,111
DA:133,27
DA:134,26
DA:137,4
DA:138,126
DA:139,121
DA:142,4
DA:143,8
DA:144,8
DA:145,5
DA:148,4
DA:149,16
DA:150,20
DA:153,4
DA:154,27
DA:155,26
DA:156,26
DA:158,12
DA:159,2
DA:163,4
DA:164,10
DA:165,5
DA:168,4
DA:169,20
DA:170,27
DA:171,23
DA:173,22
DA:174,15
DA:175,7
DA:178,4
DA:179,6
DA:180,3
DA:181,2
DA:184,4
DA:185,19
DA:186,18
DA:187,18
DA:188,18
DA:190,9
DA:191,9
DA:192,4
DA:195,4
DA:196,5
DA:199,4
DA:200,167
DA:201,187
DA:202,163
DA:204,159
DA:205,159
DA:206,159
DA:207,159
DA:210,4
DA:217,4
DA:218,263
DA:220,261
DA:221,261
DA:222,242
DA:223,227
DA:224,227
DA:226,154
DA:229,4
DA:230,199
DA:231,191
LF:137
LH:137
BRDA:31,0,0,19
BRDA:31,0,1,498
BRDA:36,1,0,162
BRDA:36,1,1,117
BRDA:40,2,0,2
BRDA:40,2,1,4
BRDA:44,3,0,4
BRDA:44,3,1,29
BRDA:50,4,0,2
BRDA:50,4,1,25
BRDA:51,5,0,1
BRDA:51,5,1,26
BRDA:52,6,0,1
BRDA:52,6,1,25
BRDA:52,7,0,26
BRDA:52,7,1,17
BRDA:54,8,0,2
BRDA:54,8,1,23
BRDA:54,9,0,16
BRDA:54,9,1,9
BRDA:54,10,0,25
BRDA:54,10,1,25
BRDA:56,11,0,4
BRDA:56,11,1,21
BRDA:59,12,0,13
BRDA:59,12,1,8
BRDA:65,13,0,2
BRDA:65,13,1,16
BRDA:65,14,0,18
BRDA:65,14,1,17
BRDA:72,15,0,2
BRDA:72,15,1,6
BRDA:85,16,0,11
BRDA:85,16,1,1
BRDA:90,17,0,1
BRDA:90,17,1,1
BRDA:97,18,0,3
BRDA:97,18,1,5
BRDA:98,19,0,3
BRDA:98,19,1,2
BRDA:104,20,0,3
BRDA:104,20,1,2
BRDA:104,21,0,5
BRDA:104,21,1,4
BRDA:104,21,2,3
BRDA:115,22,0,16
BRDA:115,22,1,84
BRDA:118,23,0,11
BRDA:118,23,1,53
BRDA:119,24,0,1
BRDA:119,24,1,52
BRDA:126,25,0,2
BRDA:126,25,1,157
BRDA:127,26,0,1
BRDA:127,26,1,156
BRDA:128,27,0,44
BRDA:128,27,1,112
BRDA:131,28,0,1
BRDA:131,28,1,111
BRDA:132,29,0,84
BRDA:132,29,1,27
BRDA:133,30,0,1
BRDA:133,30,1,26
BRDA:134,31,0,1
BRDA:134,31,1,25
BRDA:134,32,0,26
BRDA:134,32,1,26
BRDA:138,33,0,5
BRDA:138,33,1,121
BRDA:138,34,0,1
BRDA:138,34,1,4
BRDA:138,35,0,5
BRDA:138,35,1,5
BRDA:143,36,0,3
BRDA:143,36,1,5
BRDA:143,37,0,8
BRDA:143,37,1,8
BRDA:143,38,0,2
BRDA:143,38,1,6
BRDA:143,39,0,8
BRDA:143,39,1,8
BRDA:144,40,0,3
BRDA:144,40,1,5
BRDA:149,41,0,2
BRDA:149,41,1,14
BRDA:154,42,0,1
BRDA:154,42,1,26
BRDA:158,43,0,10
BRDA:158,43,1,2
BRDA:165,44,0,4
BRDA:165,44,1,1
BRDA:165,45,0,1
BRDA:165,45,1,3
BRDA:165,46,0,4
BRDA:165,46,1,4
BRDA:169,47,0,1
BRDA:169,47,1,19
BRDA:171,48,0,1
BRDA:171,48,1,15
BRDA:171,49,0,23
BRDA:171,49,1,13
BRDA:174,50,0,8
BRDA:174,50,1,7
BRDA:180,51,0,1
BRDA:180,51,1,2
BRDA:185,52,0,1
BRDA:185,52,1,18
BRDA:186,53,0,2
BRDA:186,53,1,16
BRDA:186,54,0,18
BRDA:186,54,1,16
BRDA:187,55,0,5
BRDA:187,55,1,13
BRDA:187,56,0,18
BRDA:187,56,1,18
BRDA:187,57,0,5
BRDA:187,57,1,13
BRDA:187,58,0,18
BRDA:187,58,1,18
BRDA:188,59,0,9
BRDA:188,59,1,9
BRDA:188,60,0,18
BRDA:188,60,1,16
BRDA:188,60,2,15
BRDA:188,60,3,11
BRDA:190,61,0,5
BRDA:190,61,1,4
BRDA:190,62,0,9
BRDA:190,62,1,9
BRDA:190,63,0,4
BRDA:190,63,1,5
BRDA:190,64,0,9
BRDA:190,64,1,9
BRDA:190,65,0,2
BRDA:190,65,1,7
BRDA:190,66,0,9
BRDA:190,66,1,9
BRDA:190,67,0,1
BRDA:190,67,1,8
BRDA:190,68,0,9
BRDA:190,68,1,9
BRDA:191,69,0,5
BRDA:191,69,1,4
BRDA:201,70,0,4
BRDA:201,70,1,163
BRDA:205,71,0,13
BRDA:205,71,1,146
BRDA:205,72,0,159
BRDA:205,72,1,14
BRDA:206,73,0,9
BRDA:206,73,1,150
BRDA:207,74,0,4
BRDA:207,74,1,155
BRDA:207,75,0,159
BRDA:207,75,1,159
BRDA:207,76,0,4
BRDA:207,76,1,155
BRDA:207,77,0,159
BRDA:207,77,1,159
BRDA:218,78,0,2
BRDA:218,78,1,261
BRDA:223,79,0,55
BRDA:223,79,1,172
BRDA:223,80,0,227
BRDA:223,80,1,227
BRDA:223,81,0,5
BRDA:223,81,1,167
BRDA:230,82,0,8
BRDA:230,82,1,191
BRDA:230,83,0,199
BRDA:230,83,1,193
BRF:171
BRH:171
end_of_record
