TN:
SF:src/decorators/file:/Users/cope/code/github/owservable/postgres/src/decorators/live.updates.ts
FN:4,(anonymous_0)
FN:8,(anonymous_1)
FN:12,(anonymous_2)
FN:16,(anonymous_3)
FN:22,(anonymous_4)
FN:25,(anonymous_5)
FN:26,(anonymous_6)
FNF:7
FNH:7
FNDA:8,(anonymous_0)
FNDA:18,(anonymous_1)
FNDA:4,(anonymous_2)
FNDA:18,(anonymous_3)
FNDA:1,(anonymous_4)
FNDA:2,(anonymous_5)
FNDA:2,(anonymous_6)
DA:3,3
DA:5,8
DA:9,18
DA:13,4
DA:17,18
DA:20,3
DA:25,3
DA:26,2
DA:27,2
DA:30,3
LF:10
LH:10
BRF:0
BRH:0
end_of_record
TN:
SF:src/file:/Users/cope/code/github/owservable/postgres/src/owservable.postgres.ts
FN:21,(anonymous_10)
FNF:1
FNH:1
FNDA:1,(anonymous_10)
DA:3,1
DA:4,1
DA:5,1
DA:6,1
DA:8,1
DA:10,1
DA:11,1
DA:12,1
DA:13,1
DA:16,1
DA:17,1
DA:18,1
DA:19,1
DA:20,1
DA:21,2
DA:22,1
DA:23,1
DA:24,1
DA:25,1
DA:28,1
DA:29,1
LF:21
LH:21
BRF:0
BRH:0
end_of_record
TN:
SF:src/file:/Users/cope/code/github/owservable/postgres/src/postgres.backend.ts
FN:26,(anonymous_8)
FN:36,(anonymous_9)
FN:40,(anonymous_10)
FN:44,(anonymous_11)
FN:54,(anonymous_13)
FN:57,(anonymous_14)
FN:66,(anonymous_16)
FN:71,(anonymous_18)
FN:76,(anonymous_20)
FN:76,(anonymous_21)
FN:79,(anonymous_22)
FN:82,(anonymous_23)
FN:86,(anonymous_25)
FN:90,(anonymous_26)
FN:98,(anonymous_28)
FN:102,(anonymous_29)
FN:106,(anonymous_30)
FN:110,(anonymous_31)
FN:112,(anonymous_32)
FN:115,(anonymous_33)
FN:120,(anonymous_34)
FN:142,(anonymous_35)
FN:146,(anonymous_36)
FN:157,(anonymous_37)
FN:169,(anonymous_38)
FN:170,(anonymous_39)
FN:177,(anonymous_40)
FN:181,(anonymous_41)
FN:183,(anonymous_42)
FN:189,(anonymous_43)
FN:193,(anonymous_44)
FN:197,(anonymous_45)
FN:201,(anonymous_46)
FNF:33
FNH:33
FNDA:73,(anonymous_8)
FNDA:1,(anonymous_9)
FNDA:2,(anonymous_10)
FNDA:44,(anonymous_11)
FNDA:2,(anonymous_13)
FNDA:3,(anonymous_14)
FNDA:1,(anonymous_16)
FNDA:2,(anonymous_18)
FNDA:2,(anonymous_20)
FNDA:2,(anonymous_21)
FNDA:4,(anonymous_22)
FNDA:1,(anonymous_23)
FNDA:1,(anonymous_25)
FNDA:2,(anonymous_26)
FNDA:2,(anonymous_28)
FNDA:3,(anonymous_29)
FNDA:4,(anonymous_30)
FNDA:70,(anonymous_31)
FNDA:12,(anonymous_32)
FNDA:33,(anonymous_33)
FNDA:12,(anonymous_34)
FNDA:21,(anonymous_35)
FNDA:18,(anonymous_36)
FNDA:5,(anonymous_37)
FNDA:8,(anonymous_38)
FNDA:3,(anonymous_39)
FNDA:44,(anonymous_40)
FNDA:48,(anonymous_41)
FNDA:56,(anonymous_42)
FNDA:47,(anonymous_43)
FNDA:5,(anonymous_44)
FNDA:47,(anonymous_45)
FNDA:7,(anonymous_46)
DA:4,3
DA:5,3
DA:11,3
DA:13,3
DA:15,3
DA:16,3
DA:18,3
DA:27,73
DA:28,73
DA:29,73
DA:31,73
DA:32,73
DA:33,73
DA:37,1
DA:41,2
DA:45,44
DA:52,44
DA:53,44
DA:54,44
DA:58,3
DA:59,3
DA:63,3
DA:67,1
DA:68,1
DA:72,2
DA:73,2
DA:76,2
DA:77,2
DA:78,2
DA:79,4
DA:83,1
DA:87,1
DA:91,2
DA:92,2
DA:93,2
DA:95,2
DA:99,2
DA:103,3
DA:107,4
DA:111,70
DA:112,65
DA:114,59
DA:115,59
DA:116,33
DA:117,33
DA:118,7
DA:119,7
DA:120,12
DA:121,6
DA:123,1
DA:125,7
DA:128,26
DA:129,5
DA:130,5
DA:131,5
DA:134,21
DA:135,21
DA:136,21
DA:137,20
DA:139,59
DA:143,21
DA:145,11
DA:146,11
DA:147,18
DA:148,18
DA:149,7
DA:150,11
DA:151,4
DA:154,11
DA:158,5
DA:159,5
DA:160,5
DA:162,2
DA:163,2
DA:164,2
DA:166,1
DA:170,8
DA:171,3
DA:172,3
DA:174,8
DA:178,44
DA:180,28
DA:181,28
DA:182,48
DA:183,56
DA:184,39
DA:186,28
DA:190,47
DA:191,4
DA:193,5
DA:194,3
DA:198,47
DA:200,3
DA:201,7
DA:203,3
LF:95
LH:95
BRDA:48,0,0,43
BRDA:48,0,1,1
BRDA:48,1,0,44
BRDA:48,1,1,36
BRDA:49,2,0,43
BRDA:49,2,1,1
BRDA:49,3,0,44
BRDA:49,3,1,36
BRDA:63,4,0,2
BRDA:63,4,1,1
BRDA:76,5,0,1
BRDA:111,6,0,5
BRDA:111,6,1,65
BRDA:111,7,0,70
BRDA:111,7,1,67
BRDA:112,8,0,6
BRDA:112,8,1,59
BRDA:117,9,0,7
BRDA:117,9,1,26
BRDA:117,10,0,33
BRDA:117,10,1,32
BRDA:117,10,2,27
BRDA:119,11,0,6
BRDA:119,11,1,1
BRDA:120,12,0,12
BRDA:120,12,1,11
BRDA:121,13,0,5
BRDA:121,13,1,1
BRDA:128,14,0,5
BRDA:128,14,1,21
BRDA:130,15,0,1
BRDA:130,15,1,4
BRDA:134,16,0,4
BRDA:134,16,1,17
BRDA:136,17,0,1
BRDA:136,17,1,20
BRDA:136,18,0,21
BRDA:136,18,1,11
BRDA:136,18,2,11
BRDA:136,18,3,11
BRDA:143,19,0,10
BRDA:143,19,1,11
BRDA:148,20,0,7
BRDA:148,20,1,11
BRDA:150,21,0,4
BRDA:150,21,1,7
BRDA:150,22,0,11
BRDA:150,22,1,5
BRDA:158,23,0,1
BRDA:158,23,1,4
BRDA:158,24,0,5
BRDA:158,24,1,4
BRDA:159,25,0,2
BRDA:159,25,1,3
BRDA:159,26,0,5
BRDA:159,26,1,5
BRDA:159,27,0,2
BRDA:159,27,1,3
BRDA:159,28,0,5
BRDA:159,28,1,5
BRDA:160,29,0,3
BRDA:160,29,1,2
BRDA:160,30,0,5
BRDA:160,30,1,3
BRDA:163,31,0,1
BRDA:163,31,1,1
BRDA:163,32,0,2
BRDA:163,32,1,2
BRDA:163,33,0,1
BRDA:163,33,1,1
BRDA:163,34,0,2
BRDA:163,34,1,2
BRDA:164,35,0,1
BRDA:164,35,1,1
BRDA:172,36,0,1
BRDA:172,36,1,2
BRDA:174,37,0,6
BRDA:174,37,1,2
BRDA:174,38,0,8
BRDA:174,38,1,6
BRDA:178,39,0,16
BRDA:178,39,1,28
BRDA:178,40,0,44
BRDA:178,40,1,30
BRDA:183,41,0,9
BRDA:183,41,1,39
BRDA:183,42,0,48
BRDA:183,42,1,44
BRDA:184,43,0,15
BRDA:184,43,1,24
BRDA:186,44,0,1
BRDA:186,44,1,27
BRDA:190,45,0,43
BRDA:190,45,1,4
BRDA:191,46,0,1
BRDA:191,46,1,3
BRDA:194,47,0,1
BRDA:194,47,1,2
BRDA:198,48,0,44
BRDA:198,48,1,3
BRDA:201,49,0,2
BRDA:201,49,1,5
BRDA:201,50,0,2
BRDA:201,50,1,3
BRDA:201,51,0,5
BRDA:201,51,1,3
BRDA:203,52,0,1
BRDA:203,52,1,2
BRF:108
BRH:108
end_of_record
TN:
SF:src/file:/Users/cope/code/github/owservable/postgres/src/postgres.connector.ts
FN:33,(anonymous_8)
FN:53,(anonymous_10)
FN:53,(anonymous_11)
FN:59,(anonymous_12)
FN:79,(anonymous_13)
FN:83,(anonymous_14)
FN:87,(anonymous_15)
FN:97,(anonymous_17)
FN:112,(anonymous_19)
FNF:9
FNH:9
FNDA:11,(anonymous_8)
FNDA:9,(anonymous_10)
FNDA:9,(anonymous_11)
FNDA:14,(anonymous_12)
FNDA:4,(anonymous_13)
FNDA:3,(anonymous_14)
FNDA:14,(anonymous_15)
FNDA:9,(anonymous_17)
FNDA:1,(anonymous_19)
DA:3,2
DA:4,2
DA:6,2
DA:8,2
DA:9,2
DA:10,2
DA:11,2
DA:12,2
DA:14,2
DA:32,2
DA:34,11
DA:36,10
DA:38,10
DA:48,10
DA:50,10
DA:52,10
DA:53,9
DA:54,9
DA:55,8
DA:56,7
DA:58,8
DA:59,14
DA:60,7
DA:65,9
DA:67,9
DA:68,18
DA:69,18
DA:71,18
DA:72,18
DA:75,9
DA:76,9
DA:80,4
DA:84,3
DA:88,14
DA:89,14
DA:90,9
DA:91,9
DA:98,9
DA:99,9
DA:100,9
DA:101,9
DA:102,9
DA:104,9
DA:105,9
DA:107,9
LF:45
LH:45
BRDA:34,0,0,1
BRDA:34,0,1,10
BRDA:36,1,0,9
BRDA:36,2,0,6
BRDA:36,3,0,9
BRDA:36,4,0,6
BRDA:36,5,0,9
BRDA:45,6,0,1
BRDA:45,6,1,9
BRDA:50,7,0,1
BRDA:50,7,1,9
BRDA:52,8,0,9
BRDA:52,8,1,1
BRDA:52,9,0,10
BRDA:52,9,1,2
BRDA:54,10,0,8
BRDA:54,10,1,1
BRDA:56,11,0,6
BRDA:56,11,1,1
BRDA:58,12,0,7
BRDA:58,12,1,1
BRDA:84,13,0,2
BRDA:84,13,1,1
BRDA:84,14,0,3
BRDA:84,14,1,2
BRDA:89,15,0,9
BRDA:89,15,1,5
BRF:27
BRH:27
end_of_record
TN:
SF:src/file:/Users/cope/code/github/owservable/postgres/src/postgres.listener.ts
FN:19,(anonymous_7)
FN:24,(anonymous_8)
FN:28,(anonymous_9)
FN:45,(anonymous_11)
FN:52,(anonymous_12)
FN:53,(anonymous_13)
FN:56,(anonymous_14)
FN:60,(anonymous_15)
FN:63,(anonymous_17)
FN:72,(anonymous_18)
FN:77,(anonymous_19)
FN:95,(anonymous_20)
FN:107,(anonymous_21)
FN:116,(anonymous_22)
FN:118,(anonymous_23)
FN:119,(anonymous_24)
FN:123,(anonymous_25)
FNF:17
FNH:17
FNDA:23,(anonymous_7)
FNDA:8,(anonymous_8)
FNDA:34,(anonymous_9)
FNDA:22,(anonymous_11)
FNDA:21,(anonymous_12)
FNDA:1,(anonymous_13)
FNDA:4,(anonymous_14)
FNDA:29,(anonymous_15)
FNDA:3,(anonymous_17)
FNDA:5,(anonymous_18)
FNDA:2,(anonymous_19)
FNDA:13,(anonymous_20)
FNDA:1,(anonymous_21)
FNDA:7,(anonymous_22)
FNDA:1,(anonymous_23)
FNDA:6,(anonymous_24)
FNDA:22,(anonymous_25)
DA:3,3
DA:4,3
DA:15,3
DA:16,3
DA:18,3
DA:20,23
DA:21,23
DA:25,8
DA:29,34
DA:30,22
DA:31,22
DA:42,22
DA:43,22
DA:46,22
DA:47,22
DA:48,22
DA:49,22
DA:51,22
DA:52,21
DA:53,1
DA:57,4
DA:61,29
DA:63,28
DA:64,3
DA:65,3
DA:66,1
DA:68,2
DA:72,28
DA:73,5
DA:74,5
DA:77,28
DA:78,2
DA:79,1
DA:80,1
DA:83,28
DA:84,22
DA:86,22
DA:87,22
DA:92,22
DA:96,13
DA:98,12
DA:105,12
DA:106,12
DA:107,11
DA:109,1
DA:112,12
DA:113,12
DA:115,12
DA:116,12
DA:117,7
DA:118,1
DA:119,6
DA:124,22
DA:125,22
DA:130,22
DA:131,22
DA:132,21
DA:134,3
LF:58
LH:58
BRDA:19,0,0,12
BRDA:20,1,0,22
BRDA:20,1,1,1
BRDA:29,2,0,12
BRDA:29,2,1,22
BRDA:68,3,0,1
BRDA:68,3,1,1
BRDA:68,4,0,2
BRDA:68,4,1,2
BRDA:78,5,0,1
BRDA:78,5,1,1
BRDA:96,6,0,1
BRDA:96,6,1,12
BRDA:106,7,0,1
BRDA:106,7,1,11
BRDA:106,8,0,12
BRDA:106,8,1,12
BRDA:107,9,0,1
BRDA:107,9,1,10
BRDA:107,10,0,11
BRDA:107,10,1,11
BRDA:131,11,0,1
BRDA:131,11,1,21
BRDA:131,12,0,22
BRDA:131,12,1,22
BRDA:132,13,0,1
BRDA:132,13,1,20
BRDA:132,14,0,21
BRDA:132,14,1,21
BRF:29
BRH:29
end_of_record
TN:
SF:src/file:/Users/cope/code/github/owservable/postgres/src/tables.entities.map.ts
FN:4,(anonymous_0)
FN:8,(anonymous_1)
FN:12,(anonymous_2)
FN:16,(anonymous_3)
FN:20,(anonymous_4)
FN:26,(anonymous_5)
FNF:6
FNH:6
FNDA:25,(anonymous_0)
FNDA:7,(anonymous_1)
FNDA:3,(anonymous_2)
FNDA:2,(anonymous_3)
FNDA:19,(anonymous_4)
FNDA:1,(anonymous_5)
DA:3,3
DA:5,25
DA:9,7
DA:13,3
DA:17,2
DA:21,19
DA:24,3
LF:7
LH:7
BRDA:9,0,0,5
BRDA:9,0,1,2
BRDA:9,1,0,7
BRDA:9,1,1,7
BRF:4
BRH:4
end_of_record
TN:
SF:src/functions/file:/Users/cope/code/github/owservable/postgres/src/functions/install.triggers.ts
FN:3,(anonymous_7)
FN:31,(anonymous_8)
FN:36,(anonymous_9)
FN:36,(anonymous_10)
FNF:4
FNH:4
FNDA:13,(anonymous_7)
FNDA:9,(anonymous_8)
FNDA:13,(anonymous_9)
FNDA:13,(anonymous_10)
DA:3,13
DA:31,9
DA:36,13
DA:37,13
DA:39,13
DA:41,13
DA:42,9
DA:43,9
DA:44,9
DA:45,9
DA:47,9
DA:48,9
DA:51,3
LF:13
LH:13
BRDA:36,0,0,4
BRDA:45,1,0,5
BRDA:45,1,1,4
BRDA:45,2,0,9
BRDA:45,2,1,9
BRDA:45,3,0,4
BRDA:45,3,1,5
BRDA:45,4,0,9
BRDA:45,4,1,9
BRDA:45,5,0,2
BRDA:45,5,1,7
BRDA:45,6,0,9
BRDA:45,6,1,9
BRF:13
BRH:13
end_of_record
TN:
SF:src/functions/file:/Users/cope/code/github/owservable/postgres/src/functions/observable.table.ts
FN:17,(anonymous_7)
FN:31,(anonymous_8)
FN:32,(anonymous_9)
FN:38,(anonymous_10)
FN:40,(anonymous_11)
FN:42,(anonymous_12)
FN:43,(anonymous_13)
FN:50,(anonymous_14)
FN:53,(anonymous_15)
FN:57,(anonymous_16)
FN:61,(anonymous_17)
FN:65,(anonymous_18)
FN:69,(anonymous_19)
FN:91,(anonymous_21)
FNF:14
FNH:14
FNDA:19,(anonymous_7)
FNDA:45,(anonymous_8)
FNDA:32,(anonymous_9)
FNDA:9,(anonymous_10)
FNDA:7,(anonymous_11)
FNDA:6,(anonymous_12)
FNDA:1,(anonymous_13)
FNDA:4,(anonymous_14)
FNDA:1,(anonymous_15)
FNDA:3,(anonymous_16)
FNDA:1,(anonymous_17)
FNDA:10,(anonymous_18)
FNDA:7,(anonymous_19)
FNDA:2,(anonymous_21)
DA:3,5
DA:4,5
DA:5,5
DA:18,19
DA:20,19
DA:21,19
DA:23,19
DA:24,19
DA:25,19
DA:27,19
DA:28,19
DA:30,19
DA:31,19
DA:32,45
DA:33,32
DA:37,19
DA:38,9
DA:41,7
DA:42,6
DA:44,1
DA:49,19
DA:50,4
DA:53,1
DA:58,3
DA:62,1
DA:66,10
DA:70,7
DA:72,7
DA:73,7
DA:75,7
DA:76,1
DA:79,6
DA:80,6
DA:81,5
DA:82,1
DA:85,4
DA:86,4
DA:89,4
DA:90,2
DA:91,2
DA:92,2
DA:93,2
DA:95,2
DA:98,4
DA:101,5
LF:45
LH:45
BRDA:28,0,0,18
BRDA:28,0,1,1
BRDA:28,1,0,19
BRDA:28,1,1,19
BRDA:28,2,0,1
BRDA:28,2,1,18
BRDA:28,3,0,19
BRDA:28,3,1,19
BRDA:32,4,0,32
BRDA:32,4,1,13
BRDA:32,5,0,45
BRDA:32,5,1,45
BRDA:38,6,0,1
BRDA:38,6,1,8
BRDA:38,7,0,9
BRDA:38,7,1,9
BRDA:50,8,0,1
BRDA:50,8,1,3
BRDA:50,9,0,4
BRDA:50,9,1,4
BRDA:66,10,0,7
BRDA:66,10,1,3
BRDA:75,11,0,1
BRDA:75,11,1,6
BRDA:81,12,0,1
BRDA:81,12,1,4
BRDA:89,13,0,2
BRDA:89,13,1,2
BRDA:91,14,0,1
BRDA:91,14,1,1
BRDA:91,15,0,2
BRDA:91,15,1,2
BRDA:92,16,0,1
BRDA:92,16,1,1
BRDA:92,17,0,2
BRDA:92,17,1,2
BRF:36
BRH:36
end_of_record
TN:
SF:src/functions/file:/Users/cope/code/github/owservable/postgres/src/functions/observable.tables.map.ts
FN:7,(anonymous_1)
FN:12,(anonymous_2)
FN:23,(anonymous_3)
FN:31,(anonymous_4)
FNF:4
FNH:4
FNDA:10,(anonymous_1)
FNDA:8,(anonymous_2)
FNDA:71,(anonymous_3)
FNDA:2,(anonymous_4)
DA:3,4
DA:8,10
DA:9,10
DA:13,8
DA:14,8
DA:16,8
DA:17,8
DA:18,8
DA:20,8
DA:24,71
DA:32,2
DA:35,4
LF:12
LH:12
BRDA:8,0,0,2
BRDA:8,0,1,8
BRDA:18,1,0,6
BRDA:18,1,1,2
BRDA:24,2,0,56
BRDA:24,2,1,15
BRF:6
BRH:6
end_of_record
TN:
SF:src/functions/file:/Users/cope/code/github/owservable/postgres/src/functions/process.entities.ts
FN:9,(anonymous_9)
FN:16,(anonymous_10)
FN:20,(anonymous_11)
FN:23,(anonymous_12)
FN:28,(anonymous_13)
FN:38,(anonymous_14)
FN:39,(anonymous_15)
FN:41,(anonymous_16)
FN:47,(anonymous_17)
FN:50,(anonymous_18)
FN:53,(anonymous_19)
FNF:11
FNH:11
FNDA:18,(anonymous_9)
FNDA:18,(anonymous_10)
FNDA:11,(anonymous_11)
FNDA:18,(anonymous_12)
FNDA:34,(anonymous_13)
FNDA:34,(anonymous_14)
FNDA:34,(anonymous_15)
FNDA:22,(anonymous_16)
FNDA:12,(anonymous_17)
FNDA:7,(anonymous_18)
FNDA:6,(anonymous_19)
DA:3,2
DA:4,2
DA:6,2
DA:7,2
DA:9,2
DA:10,18
DA:11,18
DA:12,18
DA:13,17
DA:16,2
DA:17,18
DA:18,13
DA:20,11
DA:23,2
DA:24,18
DA:26,14
DA:28,14
DA:29,34
DA:30,34
DA:31,34
DA:38,34
DA:39,34
DA:41,14
DA:42,22
DA:43,22
DA:44,18
DA:47,13
DA:50,2
DA:51,7
DA:52,7
DA:53,7
DA:54,6
DA:57,2
LF:33
LH:33
BRDA:12,0,0,1
BRDA:12,0,1,17
BRDA:17,1,0,5
BRDA:17,1,1,13
BRDA:18,2,0,5
BRDA:18,2,1,8
BRDA:24,3,0,4
BRDA:24,3,1,14
BRDA:43,4,0,4
BRDA:43,4,1,18
BRDA:43,5,0,22
BRDA:43,5,1,8
BRDA:50,6,0,2
BRF:13
BRH:13
end_of_record
